*** Using Compiler 'V5.06 update 7 (build 960)', folder: 'D:\Softwares\Keil5\ARM\ARM_Compiler_5.06u7\Bin'
Build target 'TI2020E'
assembling startup_stm32f407xx.s...
compiling stm32f4xx_ll_adc.c...
compiling gpio.c...
compiling stm32f4xx_hal_adc_ex.c...
compiling tim.c...
compiling stm32f4xx_it.c...
compiling stm32f4xx_hal_rcc.c...
compiling dma.c...
compiling adc.c...
compiling stm32f4xx_hal_gpio.c...
compiling main.c...
compiling stm32f4xx_hal_flash_ex.c...
compiling stm32f4xx_hal_flash.c...
compiling stm32f4xx_hal_msp.c...
compiling stm32f4xx_hal_flash_ramfunc.c...
compiling stm32f4xx_hal_pwr.c...
compiling stm32f4xx_hal_rcc_ex.c...
compiling stm32f4xx_hal_adc.c...
compiling usart.c...
compiling stm32f4xx_hal_dma.c...
compiling stm32f4xx_hal_cortex.c...
compiling stm32f4xx_hal_pwr_ex.c...
compiling system_stm32f4xx.c...
compiling stm32f4xx_hal.c...
compiling stm32f4xx_hal_exti.c...
compiling stm32f4xx_hal_dma_ex.c...
compiling stm32f4xx_hal_uart.c...
compiling stm32f4xx_hal_tim_ex.c...
compiling stm32f4xx_hal_tim.c...
linking...
Program Size: Code=16506 RO-data=458 RW-data=24 ZI-data=15264  
FromELF: creating hex file...
"TI2020E\TI2020E.axf" - 0 Error(s), 0 Warning(s).
Build Time Elapsed:  00:00:12
